2021.11.10 23:14:19 INFO  ce[][o.s.p.ProcessEntryPoint] Starting ce
2021.11.10 23:14:19 INFO  ce[][o.s.ce.app.CeServer] Compute Engine starting up...
2021.11.10 23:14:19 INFO  ce[][o.s.s.e.EsClientProvider] Connected to local Elasticsearch: [http://kubernetes.docker.internal:9001]
2021.11.10 23:14:20 INFO  ce[][o.sonar.db.Database] Create JDBC data source for jdbc:h2:tcp://127.0.0.1:9092/sonar
2021.11.10 23:14:20 WARN  ce[][o.s.db.dialect.H2] H2 database should be used for evaluation purpose only.
2021.11.10 23:14:22 INFO  ce[][o.s.s.p.ServerFileSystemImpl] SonarQube home: C:\Users\Guillermo\Desktop\sonarqube-9.1.0.47736
2021.11.10 23:14:22 INFO  ce[][o.s.c.c.CePluginRepository] Load plugins
2021.11.10 23:14:24 INFO  ce[][o.s.c.c.ComputeEngineContainerImpl] Running Community edition
2021.11.10 23:14:24 INFO  ce[][o.s.ce.app.CeServer] Compute Engine is operational
2021.11.10 23:59:29 WARN  ce[][o.a.c.d.BasicDataSource] An internal object pool swallowed an Exception.
org.h2.jdbc.JdbcSQLNonTransientConnectionException: Connection is broken: "java.net.SocketTimeoutException: 127.0.0.1:9092" [90067-199]
	at org.h2.message.DbException.getJdbcSQLException(DbException.java:617)
	at org.h2.message.DbException.getJdbcSQLException(DbException.java:427)
	at org.h2.message.DbException.get(DbException.java:194)
	at org.h2.engine.SessionRemote.connectServer(SessionRemote.java:435)
	at org.h2.engine.SessionRemote.connectEmbeddedOrServer(SessionRemote.java:317)
	at org.h2.jdbc.JdbcConnection.<init>(JdbcConnection.java:169)
	at org.h2.jdbc.JdbcConnection.<init>(JdbcConnection.java:148)
	at org.h2.Driver.connect(Driver.java:69)
	at org.apache.commons.dbcp2.DriverConnectionFactory.createConnection(DriverConnectionFactory.java:55)
	at org.apache.commons.dbcp2.PoolableConnectionFactory.makeObject(PoolableConnectionFactory.java:355)
	at org.apache.commons.pool2.impl.GenericObjectPool.create(GenericObjectPool.java:889)
	at org.apache.commons.pool2.impl.GenericObjectPool.ensureIdle(GenericObjectPool.java:968)
	at org.apache.commons.pool2.impl.GenericObjectPool.ensureMinIdle(GenericObjectPool.java:946)
	at org.apache.commons.pool2.impl.BaseGenericObjectPool$Evictor.run(BaseGenericObjectPool.java:1148)
	at java.base/java.util.concurrent.Executors$RunnableAdapter.call(Executors.java:515)
	at java.base/java.util.concurrent.FutureTask.runAndReset(FutureTask.java:305)
	at java.base/java.util.concurrent.ScheduledThreadPoolExecutor$ScheduledFutureTask.run(ScheduledThreadPoolExecutor.java:305)
	at java.base/java.util.concurrent.ThreadPoolExecutor.runWorker(ThreadPoolExecutor.java:1130)
	at java.base/java.util.concurrent.ThreadPoolExecutor$Worker.run(ThreadPoolExecutor.java:630)
	at java.base/java.lang.Thread.run(Thread.java:831)
Caused by: java.net.SocketTimeoutException: null
	at java.base/java.net.SocksSocketImpl.remainingMillis(SocksSocketImpl.java:110)
	at java.base/java.net.SocksSocketImpl.connect(SocksSocketImpl.java:333)
	at java.base/java.net.Socket.connect(Socket.java:645)
	at org.h2.util.NetUtils.createSocket(NetUtils.java:103)
	at org.h2.util.NetUtils.createSocket(NetUtils.java:83)
	at org.h2.engine.SessionRemote.initTransfer(SessionRemote.java:115)
	at org.h2.engine.SessionRemote.connectServer(SessionRemote.java:431)
	... 16 common frames omitted
