2021.11.11 13:25:46 INFO  ce[][o.s.p.ProcessEntryPoint] Starting ce
2021.11.11 13:25:46 INFO  ce[][o.s.ce.app.CeServer] Compute Engine starting up...
2021.11.11 13:25:47 INFO  ce[][o.s.s.e.EsClientProvider] Connected to local Elasticsearch: [http://kubernetes.docker.internal:9001]
2021.11.11 13:25:48 INFO  ce[][o.sonar.db.Database] Create JDBC data source for jdbc:h2:tcp://127.0.0.1:9092/sonar
2021.11.11 13:25:49 WARN  ce[][o.s.db.dialect.H2] H2 database should be used for evaluation purpose only.
2021.11.11 13:25:51 INFO  ce[][o.s.s.p.ServerFileSystemImpl] SonarQube home: C:\Users\Guillermo\Desktop\sonarqube-9.1.0.47736
2021.11.11 13:25:51 INFO  ce[][o.s.c.c.CePluginRepository] Load plugins
2021.11.11 13:25:53 INFO  ce[][o.s.c.c.ComputeEngineContainerImpl] Running Community edition
2021.11.11 13:25:53 INFO  ce[][o.s.ce.app.CeServer] Compute Engine is operational
2021.11.11 13:38:29 INFO  ce[][o.s.p.ProcessEntryPoint] Gracefully stopping process
2021.11.11 13:38:29 INFO  ce[][o.s.ce.app.CeServer] Compute Engine is stopping...
2021.11.11 13:38:29 INFO  ce[][o.s.c.t.CeProcessingSchedulerImpl] Gracefully stopping workers...
2021.11.11 13:38:29 INFO  ce[][o.s.ce.app.CeServer] Compute Engine is stopped
2021.11.11 14:27:19 INFO  ce[][o.s.p.ProcessEntryPoint] Starting ce
2021.11.11 14:27:19 INFO  ce[][o.s.ce.app.CeServer] Compute Engine starting up...
2021.11.11 14:27:19 INFO  ce[][o.s.s.e.EsClientProvider] Connected to local Elasticsearch: [http://kubernetes.docker.internal:9001]
2021.11.11 14:27:20 INFO  ce[][o.sonar.db.Database] Create JDBC data source for jdbc:h2:tcp://127.0.0.1:9092/sonar
2021.11.11 14:27:20 WARN  ce[][o.s.db.dialect.H2] H2 database should be used for evaluation purpose only.
2021.11.11 14:27:21 INFO  ce[][o.s.s.p.ServerFileSystemImpl] SonarQube home: C:\Program Files\sonarqube-9.1.0.47736
2021.11.11 14:27:21 INFO  ce[][o.s.c.c.CePluginRepository] Load plugins
2021.11.11 14:27:23 INFO  ce[][o.s.c.c.ComputeEngineContainerImpl] Running Community edition
2021.11.11 14:27:23 INFO  ce[][o.s.ce.app.CeServer] Compute Engine is operational
