2021.11.12 02:16:53 WARN  es[][o.e.t.ThreadPool] timer thread slept for [2.9h/10517154ms] on absolute clock which is above the warn threshold of [5000ms]
2021.11.12 02:16:55 WARN  es[][o.e.t.ThreadPool] timer thread slept for [2.9h/10541316867900ns] on relative clock which is above the warn threshold of [5000ms]
2021.11.12 02:16:55 WARN  es[][o.e.c.r.a.DiskThresholdMonitor] high disk watermark [90%] exceeded on [AvnDLh2BRiWNnRlsnqY_vQ][sonarqube][C:\Program Files\sonarqube-9.1.0.47736\data\es7\nodes\0] free: 47.4gb[9.9%], shards will be relocated away from this node; currently relocating away shards totalling [0] bytes; the node is expected to continue to exceed the high disk watermark when these relocations are complete
2021.11.12 02:17:24 INFO  es[][o.e.c.r.a.DiskThresholdMonitor] high disk watermark [90%] no longer exceeded on [AvnDLh2BRiWNnRlsnqY_vQ][sonarqube][C:\Program Files\sonarqube-9.1.0.47736\data\es7\nodes\0] free: 66.5gb[13.9%], but low disk watermark [85%] is still exceeded
2021.11.12 05:37:09 WARN  es[][o.e.t.ThreadPool] timer thread slept for [2.9h/10792604ms] on absolute clock which is above the warn threshold of [5000ms]
2021.11.12 05:37:09 WARN  es[][o.e.t.ThreadPool] timer thread slept for [2.9h/10792626717900ns] on relative clock which is above the warn threshold of [5000ms]
2021.11.12 13:04:07 WARN  es[][o.e.t.ThreadPool] timer thread slept for [7.4h/26799229ms] on absolute clock which is above the warn threshold of [5000ms]
2021.11.12 13:04:07 WARN  es[][o.e.t.ThreadPool] timer thread slept for [7.4h/26825645599100ns] on relative clock which is above the warn threshold of [5000ms]
2021.11.12 13:04:08 WARN  es[][o.e.c.r.a.DiskThresholdMonitor] high disk watermark [90%] exceeded on [AvnDLh2BRiWNnRlsnqY_vQ][sonarqube][C:\Program Files\sonarqube-9.1.0.47736\data\es7\nodes\0] free: 47.4gb[9.9%], shards will be relocated away from this node; currently relocating away shards totalling [0] bytes; the node is expected to continue to exceed the high disk watermark when these relocations are complete
2021.11.12 13:04:38 INFO  es[][o.e.c.r.a.DiskThresholdMonitor] high disk watermark [90%] no longer exceeded on [AvnDLh2BRiWNnRlsnqY_vQ][sonarqube][C:\Program Files\sonarqube-9.1.0.47736\data\es7\nodes\0] free: 66.5gb[13.9%], but low disk watermark [85%] is still exceeded
2021.11.12 16:05:51 WARN  es[][o.e.t.ThreadPool] timer thread slept for [2.9h/10791807ms] on absolute clock which is above the warn threshold of [5000ms]
2021.11.12 16:05:51 WARN  es[][o.e.t.ThreadPool] timer thread slept for [2.9h/10791830439000ns] on relative clock which is above the warn threshold of [5000ms]
2021.11.12 16:21:35 WARN  es[][o.e.t.ThreadPool] timer thread slept for [15.3m/923583ms] on absolute clock which is above the warn threshold of [5000ms]
2021.11.12 16:21:35 WARN  es[][o.e.t.ThreadPool] timer thread slept for [15.8m/951018188000ns] on relative clock which is above the warn threshold of [5000ms]
2021.11.12 16:21:35 WARN  es[][o.e.c.r.a.DiskThresholdMonitor] high disk watermark [90%] exceeded on [AvnDLh2BRiWNnRlsnqY_vQ][sonarqube][C:\Program Files\sonarqube-9.1.0.47736\data\es7\nodes\0] free: 47.4gb[9.9%], shards will be relocated away from this node; currently relocating away shards totalling [0] bytes; the node is expected to continue to exceed the high disk watermark when these relocations are complete
2021.11.12 16:22:05 INFO  es[][o.e.c.r.a.DiskThresholdMonitor] high disk watermark [90%] no longer exceeded on [AvnDLh2BRiWNnRlsnqY_vQ][sonarqube][C:\Program Files\sonarqube-9.1.0.47736\data\es7\nodes\0] free: 66.5gb[13.9%], but low disk watermark [85%] is still exceeded
2021.11.12 16:23:35 WARN  es[][o.e.c.r.a.DiskThresholdMonitor] high disk watermark [90%] exceeded on [AvnDLh2BRiWNnRlsnqY_vQ][sonarqube][C:\Program Files\sonarqube-9.1.0.47736\data\es7\nodes\0] free: 47.4gb[9.9%], shards will be relocated away from this node; currently relocating away shards totalling [0] bytes; the node is expected to continue to exceed the high disk watermark when these relocations are complete
2021.11.12 16:48:13 WARN  es[][o.e.t.ThreadPool] timer thread slept for [24.4m/1469565ms] on absolute clock which is above the warn threshold of [5000ms]
2021.11.12 16:48:13 WARN  es[][o.e.t.ThreadPool] timer thread slept for [24.9m/1498988023900ns] on relative clock which is above the warn threshold of [5000ms]
2021.11.12 16:48:13 WARN  es[][o.e.c.r.a.DiskThresholdMonitor] high disk watermark [90%] exceeded on [AvnDLh2BRiWNnRlsnqY_vQ][sonarqube][C:\Program Files\sonarqube-9.1.0.47736\data\es7\nodes\0] free: 47.4gb[9.9%], shards will be relocated away from this node; currently relocating away shards totalling [0] bytes; the node is expected to continue to exceed the high disk watermark when these relocations are complete
2021.11.12 16:48:43 INFO  es[][o.e.c.r.a.DiskThresholdMonitor] high disk watermark [90%] no longer exceeded on [AvnDLh2BRiWNnRlsnqY_vQ][sonarqube][C:\Program Files\sonarqube-9.1.0.47736\data\es7\nodes\0] free: 67.1gb[14.1%], but low disk watermark [85%] is still exceeded
