2021.11.10 23:12:56 INFO  es[][o.e.n.Node] version[7.14.1], pid[37176], build[unknown/unknown/66b55ebfa59c92c15db3f69a335d500018b3331e/2021-08-26T09:01:05.390870785Z], OS[Windows 10/10.0/amd64], JVM[Oracle Corporation/Java HotSpot(TM) 64-Bit Server VM/16.0.1/16.0.1+9-24]
2021.11.10 23:12:56 INFO  es[][o.e.n.Node] JVM home [C:\Program Files\Java\jdk-16.0.1]
2021.11.10 23:12:56 INFO  es[][o.e.n.Node] JVM arguments [-XX:+UseG1GC, -Djava.io.tmpdir=C:\Users\Guillermo\Desktop\sonarqube-9.1.0.47736\temp, -XX:ErrorFile=../logs/es_hs_err_pid%p.log, -Des.networkaddress.cache.ttl=60, -Des.networkaddress.cache.negative.ttl=10, -XX:+AlwaysPreTouch, -Xss1m, -Djava.awt.headless=true, -Dfile.encoding=UTF-8, -Djna.nosys=true, -XX:-OmitStackTraceInFastThrow, -Dio.netty.noUnsafe=true, -Dio.netty.noKeySetOptimization=true, -Dio.netty.recycler.maxCapacityPerThread=0, -Dio.netty.allocator.numDirectArenas=0, -Dlog4j.shutdownHookEnabled=false, -Dlog4j2.disable.jmx=true, -Djava.locale.providers=COMPAT, -Xmx512m, -Xms512m, -XX:MaxDirectMemorySize=256m, -XX:+HeapDumpOnOutOfMemoryError, -Delasticsearch, -Des.path.home=C:\Users\Guillermo\Desktop\sonarqube-9.1.0.47736\elasticsearch, -Des.path.conf=C:\Users\Guillermo\Desktop\sonarqube-9.1.0.47736\temp\conf\es]
2021.11.10 23:12:58 INFO  es[][o.e.p.PluginsService] loaded module [analysis-common]
2021.11.10 23:12:58 INFO  es[][o.e.p.PluginsService] loaded module [lang-painless]
2021.11.10 23:12:58 INFO  es[][o.e.p.PluginsService] loaded module [parent-join]
2021.11.10 23:12:58 INFO  es[][o.e.p.PluginsService] loaded module [percolator]
2021.11.10 23:12:58 INFO  es[][o.e.p.PluginsService] loaded module [runtime-fields-common]
2021.11.10 23:12:58 INFO  es[][o.e.p.PluginsService] loaded module [transport-netty4]
2021.11.10 23:12:58 INFO  es[][o.e.p.PluginsService] no plugins loaded
2021.11.10 23:12:58 INFO  es[][o.e.e.NodeEnvironment] using [1] data paths, mounts [[(C:)]], net usable_space [67.5gb], net total_space [475.7gb], types [NTFS]
2021.11.10 23:12:58 INFO  es[][o.e.e.NodeEnvironment] heap size [512mb], compressed ordinary object pointers [true]
2021.11.10 23:12:59 INFO  es[][o.e.n.Node] node name [sonarqube], node ID [AvnDLh2BRiWNnRlsnqY_vQ], cluster name [sonarqube], roles [data_frozen, master, remote_cluster_client, data, data_content, data_hot, data_warm, data_cold, ingest]
2021.11.10 23:13:07 INFO  es[][o.e.t.NettyAllocator] creating NettyAllocator with the following configs: [name=unpooled, suggested_max_allocation_size=256kb, factors={es.unsafe.use_unpooled_allocator=null, g1gc_enabled=true, g1gc_region_size=1mb, heap_size=512mb}]
2021.11.10 23:13:07 INFO  es[][o.e.d.DiscoveryModule] using discovery type [zen] and seed hosts providers [settings]
2021.11.10 23:13:07 INFO  es[][o.e.g.DanglingIndicesState] gateway.auto_import_dangling_indices is disabled, dangling indices will not be automatically detected or imported and must be managed manually
2021.11.10 23:13:08 INFO  es[][o.e.n.Node] initialized
2021.11.10 23:13:08 INFO  es[][o.e.n.Node] starting ...
2021.11.10 23:13:08 INFO  es[][o.e.t.TransportService] publish_address {127.0.0.1:62019}, bound_addresses {127.0.0.1:62019}
2021.11.10 23:13:08 INFO  es[][o.e.c.c.Coordinator] setting initial configuration to VotingConfiguration{AvnDLh2BRiWNnRlsnqY_vQ}
2021.11.10 23:13:09 INFO  es[][o.e.c.s.MasterService] elected-as-master ([1] nodes joined)[{sonarqube}{AvnDLh2BRiWNnRlsnqY_vQ}{_cjvP1l-SnOcU7CE7tJgDQ}{127.0.0.1}{127.0.0.1:62019}{cdfhimrsw} elect leader, _BECOME_MASTER_TASK_, _FINISH_ELECTION_], term: 1, version: 1, delta: master node changed {previous [], current [{sonarqube}{AvnDLh2BRiWNnRlsnqY_vQ}{_cjvP1l-SnOcU7CE7tJgDQ}{127.0.0.1}{127.0.0.1:62019}{cdfhimrsw}]}
2021.11.10 23:13:09 INFO  es[][o.e.c.c.CoordinationState] cluster UUID set to [Mpp1XWJASwqhYSYamH8Bjw]
2021.11.10 23:13:09 INFO  es[][o.e.c.s.ClusterApplierService] master node changed {previous [], current [{sonarqube}{AvnDLh2BRiWNnRlsnqY_vQ}{_cjvP1l-SnOcU7CE7tJgDQ}{127.0.0.1}{127.0.0.1:62019}{cdfhimrsw}]}, term: 1, version: 1, reason: Publication{term=1, version=1}
2021.11.10 23:13:09 INFO  es[][o.e.c.r.a.DiskThresholdMonitor] low disk watermark [85%] exceeded on [AvnDLh2BRiWNnRlsnqY_vQ][sonarqube][C:\Users\Guillermo\Desktop\sonarqube-9.1.0.47736\data\es7\nodes\0] free: 67.5gb[14.1%], replicas will not be assigned to this node
2021.11.10 23:13:09 INFO  es[][o.e.h.AbstractHttpServerTransport] publish_address {127.0.0.1:9001}, bound_addresses {127.0.0.1:9001}
2021.11.10 23:13:09 INFO  es[][o.e.n.Node] started
2021.11.10 23:13:09 INFO  es[][o.e.g.GatewayService] recovered [0] indices into cluster_state
2021.11.10 23:13:26 INFO  es[][o.e.c.m.MetadataCreateIndexService] [metadatas] creating index, cause [api], templates [], shards [1]/[0]
2021.11.10 23:13:27 INFO  es[][o.e.c.r.a.AllocationService] Cluster health status changed from [YELLOW] to [GREEN] (reason: [shards started [[metadatas][0]]]).
2021.11.10 23:13:27 INFO  es[][o.e.c.m.MetadataMappingService] [metadatas/jWhPBsJeTFGMwrfkZqULIw] create_mapping [metadata]
2021.11.10 23:13:28 INFO  es[][o.e.c.m.MetadataCreateIndexService] [components] creating index, cause [api], templates [], shards [5]/[0]
2021.11.10 23:13:29 INFO  es[][o.e.c.r.a.AllocationService] Cluster health status changed from [YELLOW] to [GREEN] (reason: [shards started [[components][4]]]).
2021.11.10 23:13:29 INFO  es[][o.e.c.m.MetadataMappingService] [components/w3ffeMW-SyalrzPXyjGkDQ] create_mapping [auth]
2021.11.10 23:13:30 INFO  es[][o.e.c.m.MetadataCreateIndexService] [projectmeasures] creating index, cause [api], templates [], shards [5]/[0]
2021.11.10 23:13:31 INFO  es[][o.e.c.r.a.AllocationService] Cluster health status changed from [YELLOW] to [GREEN] (reason: [shards started [[projectmeasures][4]]]).
2021.11.10 23:13:31 INFO  es[][o.e.c.m.MetadataMappingService] [projectmeasures/nl1DH4TdQ4amhlqu-X87LA] create_mapping [auth]
2021.11.10 23:13:32 INFO  es[][o.e.c.m.MetadataCreateIndexService] [rules] creating index, cause [api], templates [], shards [2]/[0]
2021.11.10 23:13:33 INFO  es[][o.e.c.r.a.AllocationService] Cluster health status changed from [YELLOW] to [GREEN] (reason: [shards started [[rules][0]]]).
2021.11.10 23:13:33 INFO  es[][o.e.c.m.MetadataMappingService] [rules/1d_q80KhTSWv9H4zYoG8jg] create_mapping [rule]
2021.11.10 23:13:33 INFO  es[][o.e.c.m.MetadataCreateIndexService] [issues] creating index, cause [api], templates [], shards [5]/[0]
2021.11.10 23:13:34 INFO  es[][o.e.c.r.a.AllocationService] Cluster health status changed from [YELLOW] to [GREEN] (reason: [shards started [[issues][4]]]).
2021.11.10 23:13:34 INFO  es[][o.e.c.m.MetadataMappingService] [issues/1xkecAVHQYGVJenfoj_f1A] create_mapping [auth]
2021.11.10 23:13:34 INFO  es[][o.e.c.m.MetadataCreateIndexService] [users] creating index, cause [api], templates [], shards [1]/[0]
2021.11.10 23:13:35 INFO  es[][o.e.c.r.a.AllocationService] Cluster health status changed from [YELLOW] to [GREEN] (reason: [shards started [[users][0]]]).
2021.11.10 23:13:35 INFO  es[][o.e.c.m.MetadataMappingService] [users/BC3DstquSBeBgawlbQnBhQ] create_mapping [user]
2021.11.10 23:13:35 INFO  es[][o.e.c.m.MetadataCreateIndexService] [views] creating index, cause [api], templates [], shards [5]/[0]
2021.11.10 23:13:36 INFO  es[][o.e.c.r.a.AllocationService] Cluster health status changed from [YELLOW] to [GREEN] (reason: [shards started [[views][4]]]).
2021.11.10 23:13:36 INFO  es[][o.e.c.m.MetadataMappingService] [views/-DERHwG7TrWwP__JCqSblA] create_mapping [view]
2021.11.10 23:14:15 INFO  es[][o.e.c.s.IndexScopedSettings] updating [index.refresh_interval] from [30s] to [-1]
2021.11.10 23:14:15 INFO  es[][o.e.c.s.IndexScopedSettings] updating [index.refresh_interval] from [30s] to [-1]
2021.11.10 23:14:15 INFO  es[][o.e.c.s.IndexScopedSettings] updating [index.refresh_interval] from [-1] to [30s]
2021.11.10 23:14:15 INFO  es[][o.e.c.s.IndexScopedSettings] updating [index.refresh_interval] from [-1] to [30s]
2021.11.10 23:14:16 INFO  es[][o.e.c.s.IndexScopedSettings] updating [index.refresh_interval] from [30s] to [-1]
2021.11.10 23:14:16 INFO  es[][o.e.c.s.IndexScopedSettings] updating [index.refresh_interval] from [30s] to [-1]
2021.11.10 23:14:16 INFO  es[][o.e.c.s.IndexScopedSettings] updating [index.refresh_interval] from [-1] to [30s]
2021.11.10 23:14:16 INFO  es[][o.e.c.s.IndexScopedSettings] updating [index.refresh_interval] from [-1] to [30s]
2021.11.10 23:59:29 WARN  es[][o.e.t.ThreadPool] timer thread slept for [24.6m/1478421ms] on absolute clock which is above the warn threshold of [5000ms]
2021.11.10 23:59:29 WARN  es[][o.e.t.ThreadPool] timer thread slept for [24.6m/1478443116100ns] on relative clock which is above the warn threshold of [5000ms]
2021.11.10 23:59:33 WARN  es[][o.e.m.f.FsHealthService] health check of [C:\Users\Guillermo\Desktop\sonarqube-9.1.0.47736\data\es7\nodes\0] took [1481950ms] which is above the warn threshold of [5s]
