--> Wrapper Started as Console
Launching a JVM...
Wrapper (Version 3.2.3) http://wrapper.tanukisoftware.org
  Copyright 1999-2006 Tanuki Software, Inc.  All Rights Reserved.

2021.11.10 23:10:02 INFO  app[][o.s.a.AppFileSystem] Cleaning or creating temp directory C:\Users\Guillermo\Desktop\sonarqube-9.1.0.47736\temp
2021.11.10 23:10:02 INFO  app[][o.s.a.es.EsSettings] Elasticsearch listening on [HTTP: 127.0.0.1:9001, TCP: 127.0.0.1:61324]
2021.11.10 23:10:02 INFO  app[][o.s.a.ProcessLauncherImpl] Launch process[[key='es', ipcIndex=1, logFilenamePrefix=es]] from [C:\Users\Guillermo\Desktop\sonarqube-9.1.0.47736\elasticsearch]: C:\Program Files\Java\jdk-16.0.1\bin\java -XX:+UseG1GC -Djava.io.tmpdir=C:\Users\Guillermo\Desktop\sonarqube-9.1.0.47736\temp -XX:ErrorFile=../logs/es_hs_err_pid%p.log -Des.networkaddress.cache.ttl=60 -Des.networkaddress.cache.negative.ttl=10 -XX:+AlwaysPreTouch -Xss1m -Djava.awt.headless=true -Dfile.encoding=UTF-8 -Djna.nosys=true -XX:-OmitStackTraceInFastThrow -Dio.netty.noUnsafe=true -Dio.netty.noKeySetOptimization=true -Dio.netty.recycler.maxCapacityPerThread=0 -Dio.netty.allocator.numDirectArenas=0 -Dlog4j.shutdownHookEnabled=false -Dlog4j2.disable.jmx=true -Djava.locale.providers=COMPAT -Xmx512m -Xms512m -XX:MaxDirectMemorySize=256m -XX:+HeapDumpOnOutOfMemoryError -Delasticsearch -Des.path.home=C:\Users\Guillermo\Desktop\sonarqube-9.1.0.47736\elasticsearch -Des.path.conf=C:\Users\Guillermo\Desktop\sonarqube-9.1.0.47736\temp\conf\es -cp lib/* org.elasticsearch.bootstrap.Elasticsearch
2021.11.10 23:10:02 INFO  app[][o.s.a.SchedulerImpl] Waiting for Elasticsearch to be up and running
2021.11.10 23:10:03 INFO  app[][o.s.a.SchedulerImpl] Process[es] is up
2021.11.10 23:10:03 INFO  app[][o.s.a.ProcessLauncherImpl] Launch process[[key='web', ipcIndex=2, logFilenamePrefix=web]] from [C:\Users\Guillermo\Desktop\sonarqube-9.1.0.47736]: C:\Program Files\Java\jdk-16.0.1\bin\java -Djava.awt.headless=true -Dfile.encoding=UTF-8 -Djava.io.tmpdir=C:\Users\Guillermo\Desktop\sonarqube-9.1.0.47736\temp -XX:-OmitStackTraceInFastThrow --add-opens=java.base/java.util=ALL-UNNAMED --add-opens=java.base/java.lang=ALL-UNNAMED --add-opens=java.base/java.io=ALL-UNNAMED --add-opens=java.rmi/sun.rmi.transport=ALL-UNNAMED --add-exports=java.base/jdk.internal.ref=ALL-UNNAMED --add-opens=java.base/java.nio=ALL-UNNAMED --add-opens=java.base/sun.nio.ch=ALL-UNNAMED --add-opens=java.management/sun.management=ALL-UNNAMED --add-opens=jdk.management/com.sun.management.internal=ALL-UNNAMED -Xmx512m -Xms128m -XX:+HeapDumpOnOutOfMemoryError -Dhttp.nonProxyHosts=localhost|127.*|[::1] -cp ./lib/sonar-application-9.1.0.47736.jar;C:\Users\Guillermo\Desktop\sonarqube-9.1.0.47736\lib\jdbc\h2\h2-1.4.199.jar org.sonar.server.app.WebServer C:\Users\Guillermo\Desktop\sonarqube-9.1.0.47736\temp\sq-process15818704760945567899properties
2021.11.10 23:10:06 INFO  app[][o.s.a.SchedulerImpl] Process[web] is stopped
2021.11.10 23:10:06 INFO  app[][o.s.a.SchedulerImpl] Process[es] is stopped
2021.11.10 23:10:06 INFO  app[][o.s.a.SchedulerImpl] SonarQube is stopped
<-- Wrapper Stopped
--> Wrapper Started as Console
Launching a JVM...
Wrapper (Version 3.2.3) http://wrapper.tanukisoftware.org
  Copyright 1999-2006 Tanuki Software, Inc.  All Rights Reserved.

2021.11.10 23:12:50 INFO  app[][o.s.a.AppFileSystem] Cleaning or creating temp directory C:\Users\Guillermo\Desktop\sonarqube-9.1.0.47736\temp
2021.11.10 23:12:51 INFO  app[][o.s.a.es.EsSettings] Elasticsearch listening on [HTTP: 127.0.0.1:9001, TCP: 127.0.0.1:62019]
2021.11.10 23:12:51 INFO  app[][o.s.a.ProcessLauncherImpl] Launch process[[key='es', ipcIndex=1, logFilenamePrefix=es]] from [C:\Users\Guillermo\Desktop\sonarqube-9.1.0.47736\elasticsearch]: C:\Program Files\Java\jdk-16.0.1\bin\java -XX:+UseG1GC -Djava.io.tmpdir=C:\Users\Guillermo\Desktop\sonarqube-9.1.0.47736\temp -XX:ErrorFile=../logs/es_hs_err_pid%p.log -Des.networkaddress.cache.ttl=60 -Des.networkaddress.cache.negative.ttl=10 -XX:+AlwaysPreTouch -Xss1m -Djava.awt.headless=true -Dfile.encoding=UTF-8 -Djna.nosys=true -XX:-OmitStackTraceInFastThrow -Dio.netty.noUnsafe=true -Dio.netty.noKeySetOptimization=true -Dio.netty.recycler.maxCapacityPerThread=0 -Dio.netty.allocator.numDirectArenas=0 -Dlog4j.shutdownHookEnabled=false -Dlog4j2.disable.jmx=true -Djava.locale.providers=COMPAT -Xmx512m -Xms512m -XX:MaxDirectMemorySize=256m -XX:+HeapDumpOnOutOfMemoryError -Delasticsearch -Des.path.home=C:\Users\Guillermo\Desktop\sonarqube-9.1.0.47736\elasticsearch -Des.path.conf=C:\Users\Guillermo\Desktop\sonarqube-9.1.0.47736\temp\conf\es -cp lib/* org.elasticsearch.bootstrap.Elasticsearch
2021.11.10 23:12:51 INFO  app[][o.s.a.SchedulerImpl] Waiting for Elasticsearch to be up and running
2021.11.10 23:13:09 INFO  app[][o.s.a.SchedulerImpl] Process[es] is up
2021.11.10 23:13:09 INFO  app[][o.s.a.ProcessLauncherImpl] Launch process[[key='web', ipcIndex=2, logFilenamePrefix=web]] from [C:\Users\Guillermo\Desktop\sonarqube-9.1.0.47736]: C:\Program Files\Java\jdk-16.0.1\bin\java -Djava.awt.headless=true -Dfile.encoding=UTF-8 -Djava.io.tmpdir=C:\Users\Guillermo\Desktop\sonarqube-9.1.0.47736\temp -XX:-OmitStackTraceInFastThrow --add-opens=java.base/java.util=ALL-UNNAMED --add-opens=java.base/java.lang=ALL-UNNAMED --add-opens=java.base/java.io=ALL-UNNAMED --add-opens=java.rmi/sun.rmi.transport=ALL-UNNAMED --add-exports=java.base/jdk.internal.ref=ALL-UNNAMED --add-opens=java.base/java.nio=ALL-UNNAMED --add-opens=java.base/sun.nio.ch=ALL-UNNAMED --add-opens=java.management/sun.management=ALL-UNNAMED --add-opens=jdk.management/com.sun.management.internal=ALL-UNNAMED -Xmx512m -Xms128m -XX:+HeapDumpOnOutOfMemoryError -Dhttp.nonProxyHosts=localhost|127.*|[::1] -cp ./lib/sonar-application-9.1.0.47736.jar;C:\Users\Guillermo\Desktop\sonarqube-9.1.0.47736\lib\jdbc\h2\h2-1.4.199.jar org.sonar.server.app.WebServer C:\Users\Guillermo\Desktop\sonarqube-9.1.0.47736\temp\sq-process18055138330192031510properties
2021.11.10 23:14:17 INFO  app[][o.s.a.SchedulerImpl] Process[web] is up
2021.11.10 23:14:17 INFO  app[][o.s.a.ProcessLauncherImpl] Launch process[[key='ce', ipcIndex=3, logFilenamePrefix=ce]] from [C:\Users\Guillermo\Desktop\sonarqube-9.1.0.47736]: C:\Program Files\Java\jdk-16.0.1\bin\java -Djava.awt.headless=true -Dfile.encoding=UTF-8 -Djava.io.tmpdir=C:\Users\Guillermo\Desktop\sonarqube-9.1.0.47736\temp -XX:-OmitStackTraceInFastThrow --add-opens=java.base/java.util=ALL-UNNAMED --add-exports=java.base/jdk.internal.ref=ALL-UNNAMED --add-opens=java.base/java.lang=ALL-UNNAMED --add-opens=java.base/java.nio=ALL-UNNAMED --add-opens=java.base/sun.nio.ch=ALL-UNNAMED --add-opens=java.management/sun.management=ALL-UNNAMED --add-opens=jdk.management/com.sun.management.internal=ALL-UNNAMED -Xmx512m -Xms128m -XX:+HeapDumpOnOutOfMemoryError -Dhttp.nonProxyHosts=localhost|127.*|[::1] -cp ./lib/sonar-application-9.1.0.47736.jar;C:\Users\Guillermo\Desktop\sonarqube-9.1.0.47736\lib\jdbc\h2\h2-1.4.199.jar org.sonar.ce.app.CeServer C:\Users\Guillermo\Desktop\sonarqube-9.1.0.47736\temp\sq-process18296464799144248006properties
2021.11.10 23:14:18 WARN  app[][startup] ####################################################################################################################
2021.11.10 23:14:18 WARN  app[][startup] Default Administrator credentials are still being used. Make sure to change the password or deactivate the account.
2021.11.10 23:14:18 WARN  app[][startup] ####################################################################################################################
2021.11.10 23:14:24 INFO  app[][o.s.a.SchedulerImpl] Process[ce] is up
2021.11.10 23:14:24 INFO  app[][o.s.a.SchedulerImpl] SonarQube is up
