--> Wrapper Started as Console
Launching a JVM...
Wrapper (Version 3.2.3) http://wrapper.tanukisoftware.org
  Copyright 1999-2006 Tanuki Software, Inc.  All Rights Reserved.

2021.11.11 13:24:58 INFO  app[][o.s.a.AppFileSystem] Cleaning or creating temp directory C:\Users\Guillermo\Desktop\sonarqube-9.1.0.47736\temp
2021.11.11 13:24:58 INFO  app[][o.s.a.es.EsSettings] Elasticsearch listening on [HTTP: 127.0.0.1:9001, TCP: 127.0.0.1:63503]
2021.11.11 13:24:58 INFO  app[][o.s.a.ProcessLauncherImpl] Launch process[[key='es', ipcIndex=1, logFilenamePrefix=es]] from [C:\Users\Guillermo\Desktop\sonarqube-9.1.0.47736\elasticsearch]: C:\Program Files\Java\jdk-16.0.1\bin\java -XX:+UseG1GC -Djava.io.tmpdir=C:\Users\Guillermo\Desktop\sonarqube-9.1.0.47736\temp -XX:ErrorFile=../logs/es_hs_err_pid%p.log -Des.networkaddress.cache.ttl=60 -Des.networkaddress.cache.negative.ttl=10 -XX:+AlwaysPreTouch -Xss1m -Djava.awt.headless=true -Dfile.encoding=UTF-8 -Djna.nosys=true -XX:-OmitStackTraceInFastThrow -Dio.netty.noUnsafe=true -Dio.netty.noKeySetOptimization=true -Dio.netty.recycler.maxCapacityPerThread=0 -Dio.netty.allocator.numDirectArenas=0 -Dlog4j.shutdownHookEnabled=false -Dlog4j2.disable.jmx=true -Djava.locale.providers=COMPAT -Xmx512m -Xms512m -XX:MaxDirectMemorySize=256m -XX:+HeapDumpOnOutOfMemoryError -Delasticsearch -Des.path.home=C:\Users\Guillermo\Desktop\sonarqube-9.1.0.47736\elasticsearch -Des.path.conf=C:\Users\Guillermo\Desktop\sonarqube-9.1.0.47736\temp\conf\es -cp lib/* org.elasticsearch.bootstrap.Elasticsearch
2021.11.11 13:24:58 INFO  app[][o.s.a.SchedulerImpl] Waiting for Elasticsearch to be up and running
2021.11.11 13:25:20 INFO  app[][o.s.a.SchedulerImpl] Process[es] is up
2021.11.11 13:25:20 INFO  app[][o.s.a.ProcessLauncherImpl] Launch process[[key='web', ipcIndex=2, logFilenamePrefix=web]] from [C:\Users\Guillermo\Desktop\sonarqube-9.1.0.47736]: C:\Program Files\Java\jdk-16.0.1\bin\java -Djava.awt.headless=true -Dfile.encoding=UTF-8 -Djava.io.tmpdir=C:\Users\Guillermo\Desktop\sonarqube-9.1.0.47736\temp -XX:-OmitStackTraceInFastThrow --add-opens=java.base/java.util=ALL-UNNAMED --add-opens=java.base/java.lang=ALL-UNNAMED --add-opens=java.base/java.io=ALL-UNNAMED --add-opens=java.rmi/sun.rmi.transport=ALL-UNNAMED --add-exports=java.base/jdk.internal.ref=ALL-UNNAMED --add-opens=java.base/java.nio=ALL-UNNAMED --add-opens=java.base/sun.nio.ch=ALL-UNNAMED --add-opens=java.management/sun.management=ALL-UNNAMED --add-opens=jdk.management/com.sun.management.internal=ALL-UNNAMED -Xmx512m -Xms128m -XX:+HeapDumpOnOutOfMemoryError -Dhttp.nonProxyHosts=localhost|127.*|[::1] -cp ./lib/sonar-application-9.1.0.47736.jar;C:\Users\Guillermo\Desktop\sonarqube-9.1.0.47736\lib\jdbc\h2\h2-1.4.199.jar org.sonar.server.app.WebServer C:\Users\Guillermo\Desktop\sonarqube-9.1.0.47736\temp\sq-process8370990609574433702properties
2021.11.11 13:25:44 INFO  app[][o.s.a.SchedulerImpl] Process[web] is up
2021.11.11 13:25:44 INFO  app[][o.s.a.ProcessLauncherImpl] Launch process[[key='ce', ipcIndex=3, logFilenamePrefix=ce]] from [C:\Users\Guillermo\Desktop\sonarqube-9.1.0.47736]: C:\Program Files\Java\jdk-16.0.1\bin\java -Djava.awt.headless=true -Dfile.encoding=UTF-8 -Djava.io.tmpdir=C:\Users\Guillermo\Desktop\sonarqube-9.1.0.47736\temp -XX:-OmitStackTraceInFastThrow --add-opens=java.base/java.util=ALL-UNNAMED --add-exports=java.base/jdk.internal.ref=ALL-UNNAMED --add-opens=java.base/java.lang=ALL-UNNAMED --add-opens=java.base/java.nio=ALL-UNNAMED --add-opens=java.base/sun.nio.ch=ALL-UNNAMED --add-opens=java.management/sun.management=ALL-UNNAMED --add-opens=jdk.management/com.sun.management.internal=ALL-UNNAMED -Xmx512m -Xms128m -XX:+HeapDumpOnOutOfMemoryError -Dhttp.nonProxyHosts=localhost|127.*|[::1] -cp ./lib/sonar-application-9.1.0.47736.jar;C:\Users\Guillermo\Desktop\sonarqube-9.1.0.47736\lib\jdbc\h2\h2-1.4.199.jar org.sonar.ce.app.CeServer C:\Users\Guillermo\Desktop\sonarqube-9.1.0.47736\temp\sq-process13250403548173149558properties
2021.11.11 13:25:53 INFO  app[][o.s.a.SchedulerImpl] Process[ce] is up
2021.11.11 13:25:53 INFO  app[][o.s.a.SchedulerImpl] SonarQube is up
CTRL-C trapped.  Shutting down.
CTRL-C trapped.  Forcing immediate shutdown.
JVM did not exit on request, terminated
2021.11.11 13:38:28 INFO  app[][o.s.a.SchedulerImpl] Stopping SonarQube
<-- Wrapper Stopped
--> Wrapper Started as Console
Launching a JVM...
Wrapper (Version 3.2.3) http://wrapper.tanukisoftware.org
  Copyright 1999-2006 Tanuki Software, Inc.  All Rights Reserved.

2021.11.11 14:26:51 INFO  app[][o.s.a.AppFileSystem] Cleaning or creating temp directory C:\Program Files\sonarqube-9.1.0.47736\temp
2021.11.11 14:26:51 INFO  app[][o.s.a.es.EsSettings] Elasticsearch listening on [HTTP: 127.0.0.1:9001, TCP: 127.0.0.1:60782]
2021.11.11 14:26:51 INFO  app[][o.s.a.ProcessLauncherImpl] Launch process[[key='es', ipcIndex=1, logFilenamePrefix=es]] from [C:\Program Files\sonarqube-9.1.0.47736\elasticsearch]: C:\Program Files\Java\jdk-16.0.1\bin\java -XX:+UseG1GC -Djava.io.tmpdir=C:\Program Files\sonarqube-9.1.0.47736\temp -XX:ErrorFile=../logs/es_hs_err_pid%p.log -Des.networkaddress.cache.ttl=60 -Des.networkaddress.cache.negative.ttl=10 -XX:+AlwaysPreTouch -Xss1m -Djava.awt.headless=true -Dfile.encoding=UTF-8 -Djna.nosys=true -XX:-OmitStackTraceInFastThrow -Dio.netty.noUnsafe=true -Dio.netty.noKeySetOptimization=true -Dio.netty.recycler.maxCapacityPerThread=0 -Dio.netty.allocator.numDirectArenas=0 -Dlog4j.shutdownHookEnabled=false -Dlog4j2.disable.jmx=true -Djava.locale.providers=COMPAT -Xmx512m -Xms512m -XX:MaxDirectMemorySize=256m -XX:+HeapDumpOnOutOfMemoryError -Delasticsearch -Des.path.home=C:\Program Files\sonarqube-9.1.0.47736\elasticsearch -Des.path.conf=C:\Program Files\sonarqube-9.1.0.47736\temp\conf\es -cp lib/* org.elasticsearch.bootstrap.Elasticsearch
2021.11.11 14:26:51 INFO  app[][o.s.a.SchedulerImpl] Waiting for Elasticsearch to be up and running
2021.11.11 14:27:05 INFO  app[][o.s.a.SchedulerImpl] Process[es] is up
2021.11.11 14:27:05 INFO  app[][o.s.a.ProcessLauncherImpl] Launch process[[key='web', ipcIndex=2, logFilenamePrefix=web]] from [C:\Program Files\sonarqube-9.1.0.47736]: C:\Program Files\Java\jdk-16.0.1\bin\java -Djava.awt.headless=true -Dfile.encoding=UTF-8 -Djava.io.tmpdir=C:\Program Files\sonarqube-9.1.0.47736\temp -XX:-OmitStackTraceInFastThrow --add-opens=java.base/java.util=ALL-UNNAMED --add-opens=java.base/java.lang=ALL-UNNAMED --add-opens=java.base/java.io=ALL-UNNAMED --add-opens=java.rmi/sun.rmi.transport=ALL-UNNAMED --add-exports=java.base/jdk.internal.ref=ALL-UNNAMED --add-opens=java.base/java.nio=ALL-UNNAMED --add-opens=java.base/sun.nio.ch=ALL-UNNAMED --add-opens=java.management/sun.management=ALL-UNNAMED --add-opens=jdk.management/com.sun.management.internal=ALL-UNNAMED -Xmx512m -Xms128m -XX:+HeapDumpOnOutOfMemoryError -Dhttp.nonProxyHosts=localhost|127.*|[::1] -cp ./lib/sonar-application-9.1.0.47736.jar;C:\Program Files\sonarqube-9.1.0.47736\lib\jdbc\h2\h2-1.4.199.jar org.sonar.server.app.WebServer C:\Program Files\sonarqube-9.1.0.47736\temp\sq-process7462444363141177880properties
2021.11.11 14:27:18 INFO  app[][o.s.a.SchedulerImpl] Process[web] is up
2021.11.11 14:27:18 INFO  app[][o.s.a.ProcessLauncherImpl] Launch process[[key='ce', ipcIndex=3, logFilenamePrefix=ce]] from [C:\Program Files\sonarqube-9.1.0.47736]: C:\Program Files\Java\jdk-16.0.1\bin\java -Djava.awt.headless=true -Dfile.encoding=UTF-8 -Djava.io.tmpdir=C:\Program Files\sonarqube-9.1.0.47736\temp -XX:-OmitStackTraceInFastThrow --add-opens=java.base/java.util=ALL-UNNAMED --add-exports=java.base/jdk.internal.ref=ALL-UNNAMED --add-opens=java.base/java.lang=ALL-UNNAMED --add-opens=java.base/java.nio=ALL-UNNAMED --add-opens=java.base/sun.nio.ch=ALL-UNNAMED --add-opens=java.management/sun.management=ALL-UNNAMED --add-opens=jdk.management/com.sun.management.internal=ALL-UNNAMED -Xmx512m -Xms128m -XX:+HeapDumpOnOutOfMemoryError -Dhttp.nonProxyHosts=localhost|127.*|[::1] -cp ./lib/sonar-application-9.1.0.47736.jar;C:\Program Files\sonarqube-9.1.0.47736\lib\jdbc\h2\h2-1.4.199.jar org.sonar.ce.app.CeServer C:\Program Files\sonarqube-9.1.0.47736\temp\sq-process18062281429859735235properties
2021.11.11 14:27:24 INFO  app[][o.s.a.SchedulerImpl] Process[ce] is up
2021.11.11 14:27:24 INFO  app[][o.s.a.SchedulerImpl] SonarQube is up
